Flow report for FIRBU_AM
Fri Apr 12 13:25:22 2013
Quartus II 64-Bit Version 12.1 Build 177 11/07/2012 SJ Web Edition


---------------------
; Table of Contents ;
---------------------
  1. Legal Notice
  2. Flow Summary
  3. Flow Settings
  4. Flow Non-Default Global Settings
  5. Flow Elapsed Time
  6. Flow OS Summary
  7. Flow Log



----------------
; Legal Notice ;
----------------
Copyright (C) 1991-2012 Altera Corporation
Your use of Altera Corporation's design tools, logic functions 
and other software and tools, and its AMPP partner logic 
functions, and any output files from any of the foregoing 
(including device programming or simulation files), and any 
associated documentation or information are expressly subject 
to the terms and conditions of the Altera Program License 
Subscription Agreement, Altera MegaCore Function License 
Agreement, or other applicable license agreement, including, 
without limitation, that your use is for the sole purpose of 
programming logic devices manufactured by Altera and sold by 
Altera or its authorized distributors.  Please refer to the 
applicable agreement for further details.



+-------------------------------------------------------------------------------+
; Flow Summary                                                                  ;
+------------------------------------+------------------------------------------+
; Flow Status                        ; Successful - Fri Apr 12 13:25:22 2013    ;
; Quartus II 64-Bit Version          ; 12.1 Build 177 11/07/2012 SJ Web Edition ;
; Revision Name                      ; FIRBU_AM                                 ;
; Top-level Entity Name              ; FIRBU_AM                                 ;
; Family                             ; Cyclone III                              ;
; Device                             ; EP3C10E144C8                             ;
; Timing Models                      ; Final                                    ;
; Total logic elements               ; 6,593 / 10,320 ( 64 % )                  ;
;     Total combinational functions  ; 5,672 / 10,320 ( 55 % )                  ;
;     Dedicated logic registers      ; 2,874 / 10,320 ( 28 % )                  ;
; Total registers                    ; 2874                                     ;
; Total pins                         ; 42 / 95 ( 44 % )                         ;
; Total virtual pins                 ; 0                                        ;
; Total memory bits                  ; 338,944 / 423,936 ( 80 % )               ;
; Embedded Multiplier 9-bit elements ; 0 / 46 ( 0 % )                           ;
; Total PLLs                         ; 2 / 2 ( 100 % )                          ;
+------------------------------------+------------------------------------------+


+-----------------------------------------+
; Flow Settings                           ;
+-------------------+---------------------+
; Option            ; Setting             ;
+-------------------+---------------------+
; Start date & time ; 04/12/2013 13:20:53 ;
; Main task         ; Compilation         ;
; Revision Name     ; FIRBU_AM            ;
+-------------------+---------------------+


+-----------------------------------------------------------------------------------------------------------------------------------------------------------------------------------------------------------------------------------------------------------------------------------------------------------------------+
; Flow Non-Default Global Settings                                                                                                                                                                                                                                                                                      ;
+-----------------------------------------+------------------------------------------------------------------------------------------------------------------------------------------------------------------------------------------------------------------------+---------------+-----------------+------------------+
; Assignment Name                         ; Value                                                                                                                                                                                                                  ; Default Value ; Entity Name     ; Section Id       ;
+-----------------------------------------+------------------------------------------------------------------------------------------------------------------------------------------------------------------------------------------------------------------------+---------------+-----------------+------------------+
; COMPILER_SIGNATURE_ID                   ; 159492430464.136576205304864                                                                                                                                                                                           ; --            ; --              ; --               ;
; EDA_NETLIST_WRITER_OUTPUT_DIR           ; C:\Altera\12.1\modelsim_ase                                                                                                                                                                                            ; --            ; --              ; eda_simulation   ;
; EDA_OUTPUT_DATA_FORMAT                  ; Verilog Hdl                                                                                                                                                                                                            ; --            ; --              ; eda_simulation   ;
; EDA_SIMULATION_TOOL                     ; ModelSim-Altera (Verilog)                                                                                                                                                                                              ; <None>        ; --              ; --               ;
; EDA_TIME_SCALE                          ; 1 ps                                                                                                                                                                                                                   ; --            ; --              ; eda_simulation   ;
; ENABLE_SIGNALTAP                        ; On                                                                                                                                                                                                                     ; --            ; --              ; --               ;
; IP_TOOL_NAME                            ; ALTPLL                                                                                                                                                                                                                 ; --            ; --              ; --               ;
; IP_TOOL_NAME                            ; LPM_COUNTER                                                                                                                                                                                                            ; --            ; --              ; --               ;
; IP_TOOL_NAME                            ; RAM: 2-PORT                                                                                                                                                                                                            ; --            ; --              ; --               ;
; IP_TOOL_NAME                            ; RAM: 2-PORT                                                                                                                                                                                                            ; --            ; --              ; --               ;
; IP_TOOL_NAME                            ; RAM: 2-PORT                                                                                                                                                                                                            ; --            ; --              ; --               ;
; IP_TOOL_NAME                            ; ALTPLL                                                                                                                                                                                                                 ; --            ; --              ; --               ;
; IP_TOOL_NAME                            ; RAM: 2-PORT                                                                                                                                                                                                            ; --            ; --              ; --               ;
; IP_TOOL_VERSION                         ; 12.1                                                                                                                                                                                                                   ; --            ; --              ; --               ;
; IP_TOOL_VERSION                         ; 12.0                                                                                                                                                                                                                   ; --            ; --              ; --               ;
; IP_TOOL_VERSION                         ; 12.1                                                                                                                                                                                                                   ; --            ; --              ; --               ;
; IP_TOOL_VERSION                         ; 12.1                                                                                                                                                                                                                   ; --            ; --              ; --               ;
; IP_TOOL_VERSION                         ; 12.1                                                                                                                                                                                                                   ; --            ; --              ; --               ;
; IP_TOOL_VERSION                         ; 12.1                                                                                                                                                                                                                   ; --            ; --              ; --               ;
; IP_TOOL_VERSION                         ; 12.1                                                                                                                                                                                                                   ; --            ; --              ; --               ;
; MAX_CORE_JUNCTION_TEMP                  ; 85                                                                                                                                                                                                                     ; --            ; --              ; --               ;
; MIN_CORE_JUNCTION_TEMP                  ; 0                                                                                                                                                                                                                      ; --            ; --              ; --               ;
; MISC_FILE                               ; pllSdClocking.ppf                                                                                                                                                                                                      ; --            ; --              ; --               ;
; MISC_FILE                               ; pllADC.ppf                                                                                                                                                                                                             ; --            ; --              ; --               ;
; OUTPUT_IO_TIMING_FAR_END_VMEAS          ; Half Signal Swing                                                                                                                                                                                                      ; --            ; --              ; --               ;
; OUTPUT_IO_TIMING_FAR_END_VMEAS          ; Half Signal Swing                                                                                                                                                                                                      ; --            ; --              ; --               ;
; OUTPUT_IO_TIMING_NEAR_END_VMEAS         ; Half Vccio                                                                                                                                                                                                             ; --            ; --              ; --               ;
; OUTPUT_IO_TIMING_NEAR_END_VMEAS         ; Half Vccio                                                                                                                                                                                                             ; --            ; --              ; --               ;
; PARTITION_COLOR                         ; 16764057                                                                                                                                                                                                               ; --            ; --              ; Top              ;
; PARTITION_COLOR                         ; 16764057                                                                                                                                                                                                               ; --            ; FIRBUstateBased ; Top              ;
; PARTITION_FITTER_PRESERVATION_LEVEL     ; PLACEMENT_AND_ROUTING                                                                                                                                                                                                  ; --            ; --              ; Top              ;
; PARTITION_FITTER_PRESERVATION_LEVEL     ; PLACEMENT_AND_ROUTING                                                                                                                                                                                                  ; --            ; FIRBUstateBased ; Top              ;
; PARTITION_NETLIST_TYPE                  ; SOURCE                                                                                                                                                                                                                 ; --            ; --              ; Top              ;
; PARTITION_NETLIST_TYPE                  ; SOURCE                                                                                                                                                                                                                 ; --            ; FIRBUstateBased ; Top              ;
; PHYSICAL_SYNTHESIS_REGISTER_DUPLICATION ; On                                                                                                                                                                                                                     ; Off           ; --              ; --               ;
; POWER_BOARD_THERMAL_MODEL               ; None (CONSERVATIVE)                                                                                                                                                                                                    ; --            ; --              ; --               ;
; POWER_PRESET_COOLING_SOLUTION           ; 23 MM HEAT SINK WITH 200 LFPM AIRFLOW                                                                                                                                                                                  ; --            ; --              ; --               ;
; SLD_NODE_CREATOR_ID                     ; 110                                                                                                                                                                                                                    ; --            ; --              ; auto_signaltap_0 ;
; SLD_NODE_ENTITY_NAME                    ; sld_signaltap                                                                                                                                                                                                          ; --            ; --              ; auto_signaltap_0 ;
; SLD_NODE_PARAMETER_ASSIGNMENT           ; SLD_NODE_INFO=805334528                                                                                                                                                                                                ; --            ; --              ; auto_signaltap_0 ;
; SLD_NODE_PARAMETER_ASSIGNMENT           ; SLD_POWER_UP_TRIGGER=0                                                                                                                                                                                                 ; --            ; --              ; auto_signaltap_0 ;
; SLD_NODE_PARAMETER_ASSIGNMENT           ; SLD_STORAGE_QUALIFIER_INVERSION_MASK_LENGTH=0                                                                                                                                                                          ; --            ; --              ; auto_signaltap_0 ;
; SLD_NODE_PARAMETER_ASSIGNMENT           ; SLD_SEGMENT_SIZE=1024                                                                                                                                                                                                  ; --            ; --              ; auto_signaltap_0 ;
; SLD_NODE_PARAMETER_ASSIGNMENT           ; SLD_ATTRIBUTE_MEM_MODE=OFF                                                                                                                                                                                             ; --            ; --              ; auto_signaltap_0 ;
; SLD_NODE_PARAMETER_ASSIGNMENT           ; SLD_STATE_FLOW_USE_GENERATED=0                                                                                                                                                                                         ; --            ; --              ; auto_signaltap_0 ;
; SLD_NODE_PARAMETER_ASSIGNMENT           ; SLD_STATE_BITS=11                                                                                                                                                                                                      ; --            ; --              ; auto_signaltap_0 ;
; SLD_NODE_PARAMETER_ASSIGNMENT           ; SLD_BUFFER_FULL_STOP=1                                                                                                                                                                                                 ; --            ; --              ; auto_signaltap_0 ;
; SLD_NODE_PARAMETER_ASSIGNMENT           ; SLD_CURRENT_RESOURCE_WIDTH=1                                                                                                                                                                                           ; --            ; --              ; auto_signaltap_0 ;
; SLD_NODE_PARAMETER_ASSIGNMENT           ; SLD_TRIGGER_LEVEL=1                                                                                                                                                                                                    ; --            ; --              ; auto_signaltap_0 ;
; SLD_NODE_PARAMETER_ASSIGNMENT           ; SLD_SAMPLE_DEPTH=1024                                                                                                                                                                                                  ; --            ; --              ; auto_signaltap_0 ;
; SLD_NODE_PARAMETER_ASSIGNMENT           ; SLD_TRIGGER_IN_ENABLED=0                                                                                                                                                                                               ; --            ; --              ; auto_signaltap_0 ;
; SLD_NODE_PARAMETER_ASSIGNMENT           ; SLD_ADVANCED_TRIGGER_ENTITY=basic,1,                                                                                                                                                                                   ; --            ; --              ; auto_signaltap_0 ;
; SLD_NODE_PARAMETER_ASSIGNMENT           ; SLD_TRIGGER_LEVEL_PIPELINE=1                                                                                                                                                                                           ; --            ; --              ; auto_signaltap_0 ;
; SLD_NODE_PARAMETER_ASSIGNMENT           ; SLD_ENABLE_ADVANCED_TRIGGER=0                                                                                                                                                                                          ; --            ; --              ; auto_signaltap_0 ;
; SLD_NODE_PARAMETER_ASSIGNMENT           ; SLD_DATA_BITS=57                                                                                                                                                                                                       ; --            ; --              ; auto_signaltap_0 ;
; SLD_NODE_PARAMETER_ASSIGNMENT           ; SLD_TRIGGER_BITS=57                                                                                                                                                                                                    ; --            ; --              ; auto_signaltap_0 ;
; SLD_NODE_PARAMETER_ASSIGNMENT           ; SLD_INVERSION_MASK=000000000000000000000000000000000000000000000000000000000000000000000000000000000000000000000000000000000000000000000000000000000000000000000000000000000000000000000000000000000000000000000000000 ; --            ; --              ; auto_signaltap_0 ;
; SLD_NODE_PARAMETER_ASSIGNMENT           ; SLD_INVERSION_MASK_LENGTH=195                                                                                                                                                                                          ; --            ; --              ; auto_signaltap_0 ;
; SLD_NODE_PARAMETER_ASSIGNMENT           ; SLD_NODE_CRC_LOWORD=19369                                                                                                                                                                                              ; --            ; --              ; auto_signaltap_0 ;
; SLD_NODE_PARAMETER_ASSIGNMENT           ; SLD_NODE_CRC_HIWORD=56914                                                                                                                                                                                              ; --            ; --              ; auto_signaltap_0 ;
; SMART_RECOMPILE                         ; On                                                                                                                                                                                                                     ; Off           ; --              ; --               ;
; USE_SIGNALTAP_FILE                      ; stp1.stp                                                                                                                                                                                                               ; --            ; --              ; --               ;
+-----------------------------------------+------------------------------------------------------------------------------------------------------------------------------------------------------------------------------------------------------------------------+---------------+-----------------+------------------+


+-------------------------------------------------------------------------------------------------------------------------------+
; Flow Elapsed Time                                                                                                             ;
+---------------------------+--------------+-------------------------+---------------------+------------------------------------+
; Module Name               ; Elapsed Time ; Average Processors Used ; Peak Virtual Memory ; Total CPU Time (on all processors) ;
+---------------------------+--------------+-------------------------+---------------------+------------------------------------+
; Analysis & Synthesis      ; 00:01:15     ; 1.0                     ; 627 MB              ; 00:01:13                           ;
; Fitter                    ; 00:02:13     ; 1.3                     ; 750 MB              ; 00:02:15                           ;
; Assembler                 ; 00:00:05     ; 1.0                     ; 440 MB              ; 00:00:03                           ;
; TimeQuest Timing Analyzer ; 00:00:19     ; 1.7                     ; 575 MB              ; 00:00:18                           ;
; EDA Netlist Writer        ; 00:00:14     ; 1.0                     ; 477 MB              ; 00:00:12                           ;
; Total                     ; 00:04:06     ; --                      ; --                  ; 00:04:01                           ;
+---------------------------+--------------+-------------------------+---------------------+------------------------------------+


+----------------------------------------------------------------------------------------+
; Flow OS Summary                                                                        ;
+---------------------------+------------------+-----------+------------+----------------+
; Module Name               ; Machine Hostname ; OS Name   ; OS Version ; Processor type ;
+---------------------------+------------------+-----------+------------+----------------+
; Analysis & Synthesis      ; Саша-ПК          ; Windows 7 ; 6.1        ; x86_64         ;
; Fitter                    ; Саша-ПК          ; Windows 7 ; 6.1        ; x86_64         ;
; Assembler                 ; Саша-ПК          ; Windows 7 ; 6.1        ; x86_64         ;
; TimeQuest Timing Analyzer ; Саша-ПК          ; Windows 7 ; 6.1        ; x86_64         ;
; EDA Netlist Writer        ; Саша-ПК          ; Windows 7 ; 6.1        ; x86_64         ;
+---------------------------+------------------+-----------+------------+----------------+


------------
; Flow Log ;
------------
quartus_map --read_settings_files=on --write_settings_files=off FIRBU_AM -c FIRBU_AM
quartus_fit --read_settings_files=off --write_settings_files=off FIRBU_AM -c FIRBU_AM
quartus_asm --read_settings_files=off --write_settings_files=off FIRBU_AM -c FIRBU_AM
quartus_sta FIRBU_AM -c FIRBU_AM
quartus_eda --read_settings_files=off --write_settings_files=off FIRBU_AM -c FIRBU_AM



